<?xml version="1.0" encoding="UTF-8"?>
<testng-results ignored="0" total="2" passed="2" failed="0" skipped="0">
  <reporter-output>
  </reporter-output>
  <suite started-at="2025-08-20T12:10:04 IST" name="Default suite" finished-at="2025-08-20T12:10:20 IST" duration-ms="15087">
    <groups>
    </groups>
    <test started-at="2025-08-20T12:10:04 IST" name="Default test" finished-at="2025-08-20T12:10:20 IST" duration-ms="15087">
      <class name="ParallelTest">
        <test-method signature="testChrome()[pri:1, instance:ParallelTest@6e9175d8]" started-at="2025-08-20T12:10:05 IST" name="testChrome" finished-at="2025-08-20T12:10:10 IST" duration-ms="5311" status="PASS">
          <reporter-output>
          </reporter-output>
        </test-method> <!-- testChrome -->
        <test-method signature="testfirefox()[pri:2, instance:ParallelTest@6e9175d8]" started-at="2025-08-20T12:10:10 IST" name="testfirefox" finished-at="2025-08-20T12:10:20 IST" duration-ms="9699" status="PASS">
          <reporter-output>
          </reporter-output>
        </test-method> <!-- testfirefox -->
      </class> <!-- ParallelTest -->
    </test> <!-- Default test -->
  </suite> <!-- Default suite -->
</testng-results>
