<?xml version="1.0" encoding="UTF-8"?>
<testng-results ignored="0" total="1" passed="1" failed="0" skipped="0">
  <reporter-output>
  </reporter-output>
  <suite started-at="2025-08-20T15:51:18 IST" name="Default suite" finished-at="2025-08-20T15:51:27 IST" duration-ms="8659">
    <groups>
    </groups>
    <test started-at="2025-08-20T15:51:18 IST" name="Default test" finished-at="2025-08-20T15:51:27 IST" duration-ms="8659">
      <class name="v2.ParameterizationTest">
        <test-method signature="openSite(java.lang.String,java.lang.String)[pri:0, instance:v2.ParameterizationTest@8f2ef19]" started-at="2025-08-20T15:51:18 IST" name="openSite" finished-at="2025-08-20T15:51:27 IST" duration-ms="8544" status="PASS">
          <params>
            <param index="0">
              <value>
                <![CDATA[https://google.com]]>
              </value>
            </param>
            <param index="1">
              <value>
                <![CDATA[chrome]]>
              </value>
            </param>
          </params>
          <reporter-output>
          </reporter-output>
        </test-method> <!-- openSite -->
      </class> <!-- v2.ParameterizationTest -->
    </test> <!-- Default test -->
  </suite> <!-- Default suite -->
</testng-results>
