<?xml version="1.0" encoding="UTF-8"?>
<testng-results ignored="0" total="1" passed="1" failed="0" skipped="0">
  <reporter-output>
  </reporter-output>
  <suite started-at="2025-08-20T16:37:38 IST" name="Default suite" finished-at="2025-08-20T16:37:48 IST" duration-ms="9659">
    <groups>
    </groups>
    <test started-at="2025-08-20T16:37:38 IST" name="Default test" finished-at="2025-08-20T16:37:48 IST" duration-ms="9659">
      <class name="v4.ExtentReport">
        <test-method is-config="true" signature="startReport()[pri:0, instance:v4.ExtentReport@6fa51cd4]" started-at="2025-08-20T16:37:38 IST" name="startReport" finished-at="2025-08-20T16:37:43 IST" duration-ms="5250" status="PASS">
          <reporter-output>
          </reporter-output>
        </test-method> <!-- startReport -->
        <test-method signature="demoReport()[pri:0, instance:v4.ExtentReport@6fa51cd4]" started-at="2025-08-20T16:37:43 IST" name="demoReport" finished-at="2025-08-20T16:37:47 IST" duration-ms="3306" status="PASS">
          <reporter-output>
          </reporter-output>
        </test-method> <!-- demoReport -->
        <test-method is-config="true" signature="endReport()[pri:0, instance:v4.ExtentReport@6fa51cd4]" started-at="2025-08-20T16:37:47 IST" name="endReport" finished-at="2025-08-20T16:37:48 IST" duration-ms="995" status="PASS">
          <reporter-output>
          </reporter-output>
        </test-method> <!-- endReport -->
      </class> <!-- v4.ExtentReport -->
    </test> <!-- Default test -->
  </suite> <!-- Default suite -->
</testng-results>
